This file contains any messages produced by compilers while
running configure, to aid debugging if configure makes a mistake.

It was created by FreeType configure 2.5.3, which was
generated by GNU Autoconf 2.69.  Invocation command line was

  $ ./configure 

## --------- ##
## Platform. ##
## --------- ##

hostname = rfmeas-ой
uname -m = x86_64
uname -r = 2.11.2(0.329/5/3)
uname -s = CYGWIN_NT-6.1
uname -v = 2018-11-08 14:34

/usr/bin/uname -p = unknown
/bin/uname -X     = unknown

/bin/arch              = x86_64
/usr/bin/arch -k       = unknown
/usr/convex/getsysinfo = unknown
/usr/bin/hostinfo      = unknown
/bin/machine           = unknown
/usr/bin/oslevel       = unknown
/bin/universe          = unknown

PATH: /usr/local/bin
PATH: /usr/bin
PATH: /cygdrive/c/Windows/system32
PATH: /cygdrive/c/Windows
PATH: /cygdrive/c/Windows/System32/Wbem
PATH: /cygdrive/c/Windows/System32/WindowsPowerShell/v1.0
PATH: /cygdrive/c/Program Files/Agilent/IO Libraries Suite/bin
PATH: /cygdrive/c/Program Files/IVI Foundation/VISA/Win64/agvisa
PATH: /cygdrive/c/Program Files/IVI Foundation/VISA/Win64/bin
PATH: /cygdrive/c/Program Files (x86)/Agilent/IO Libraries Suite/bin
PATH: /cygdrive/c/Program Files (x86)/IVI Foundation/VISA/WinNT/agvisa
PATH: /cygdrive/c/Program Files (x86)/IVI Foundation/VISA/WinNT/bin
PATH: /cygdrive/c/Program Files (x86)/IVI Foundation/IVI/bin
PATH: /cygdrive/c/Program Files/IVI Foundation/IVI/bin
PATH: /cygdrive/c/Program Files (x86)/IVI Foundation/VISA/WinNT/Bin
PATH: /cygdrive/c/Program Files/IVI Foundation/VISA/Win64/Bin
PATH: /cygdrive/c/Program Files/PuTTY
PATH: /cygdrive/c/Program Files/dotnet
PATH: /cygdrive/c/Program Files/Microsoft SQL Server/130/Tools/Binn
PATH: /cygdrive/c/Users/rfmeas/.dotnet/tools


## ----------- ##
## Core tests. ##
## ----------- ##

configure:2530: checking build system type
configure:2544: result: x86_64-unknown-cygwin
configure:2564: checking host system type
configure:2577: result: x86_64-unknown-cygwin
configure:2649: checking for gcc
configure:2665: found /usr/bin/gcc
configure:2676: result: gcc
configure:2905: checking for C compiler version
configure:2914: gcc --version >&5
gcc (GCC) 7.3.0
Copyright (C) 2017 Free Software Foundation, Inc.
This is free software; see the source for copying conditions.  There is NO
warranty; not even for MERCHANTABILITY or FITNESS FOR A PARTICULAR PURPOSE.

configure:2925: $? = 0
configure:2914: gcc -v >&5
Using built-in specs.
COLLECT_GCC=gcc
COLLECT_LTO_WRAPPER=/usr/lib/gcc/x86_64-pc-cygwin/7.3.0/lto-wrapper.exe
Target: x86_64-pc-cygwin
Configured with: /cygdrive/i/szsz/tmpp/gcc/gcc-7.3.0-3.x86_64/src/gcc-7.3.0/configure --srcdir=/cygdrive/i/szsz/tmpp/gcc/gcc-7.3.0-3.x86_64/src/gcc-7.3.0 --prefix=/usr --exec-prefix=/usr --localstatedir=/var --sysconfdir=/etc --docdir=/usr/share/doc/gcc --htmldir=/usr/share/doc/gcc/html -C --build=x86_64-pc-cygwin --host=x86_64-pc-cygwin --target=x86_64-pc-cygwin --without-libiconv-prefix --without-libintl-prefix --libexecdir=/usr/lib --enable-shared --enable-shared-libgcc --enable-static --enable-version-specific-runtime-libs --enable-bootstrap --enable-__cxa_atexit --with-dwarf2 --with-tune=generic --enable-languages=ada,c,c++,fortran,lto,objc,obj-c++ --enable-graphite --enable-threads=posix --enable-libatomic --enable-libcilkrts --enable-libgomp --enable-libitm --enable-libquadmath --enable-libquadmath-support --disable-libssp --enable-libada --disable-symvers --with-gnu-ld --with-gnu-as --with-cloog-include=/usr/include/cloog-isl --without-libiconv-prefix --without-libintl-prefix --with-system-zlib --enable-linker-build-id --with-default-libstdcxx-abi=gcc4-compatible --enable-libstdcxx-filesystem-ts
Thread model: posix
gcc version 7.3.0 (GCC) 
configure:2925: $? = 0
configure:2914: gcc -V >&5
gcc: error: unrecognized command line option '-V'
gcc: fatal error: no input files
compilation terminated.
configure:2925: $? = 1
configure:2914: gcc -qversion >&5
gcc: error: unrecognized command line option '-qversion'; did you mean '--version'?
gcc: fatal error: no input files
compilation terminated.
configure:2925: $? = 1
configure:2945: checking whether the C compiler works
configure:2967: gcc    conftest.c  >&5
configure:2971: $? = 0
configure:3019: result: yes
configure:3022: checking for C compiler default output file name
configure:3024: result: a.exe
configure:3030: checking for suffix of executables
configure:3037: gcc -o conftest.exe    conftest.c  >&5
configure:3041: $? = 0
configure:3063: result: .exe
configure:3085: checking whether we are cross compiling
configure:3093: gcc -o conftest.exe    conftest.c  >&5
configure:3097: $? = 0
configure:3104: ./conftest.exe
configure:3108: $? = 0
configure:3123: result: no
configure:3128: checking for suffix of object files
configure:3150: gcc -c   conftest.c >&5
configure:3154: $? = 0
configure:3175: result: o
configure:3179: checking whether we are using the GNU C compiler
configure:3198: gcc -c   conftest.c >&5
configure:3198: $? = 0
configure:3207: result: yes
configure:3216: checking whether gcc accepts -g
configure:3236: gcc -c -g  conftest.c >&5
configure:3236: $? = 0
configure:3277: result: yes
configure:3294: checking for gcc option to accept ISO C89
configure:3357: gcc  -c -g -O2  conftest.c >&5
configure:3357: $? = 0
configure:3370: result: none needed
configure:3395: checking how to run the C preprocessor
configure:3426: gcc -E  conftest.c
configure:3426: $? = 0
configure:3440: gcc -E  conftest.c
conftest.c:9:10: fatal error: ac_nonexistent.h: No such file or directory
 #include <ac_nonexistent.h>
          ^~~~~~~~~~~~~~~~~~
compilation terminated.
configure:3440: $? = 1
configure: failed program was:
| /* confdefs.h */
| #define PACKAGE_NAME "FreeType"
| #define PACKAGE_TARNAME "freetype"
| #define PACKAGE_VERSION "2.5.3"
| #define PACKAGE_STRING "FreeType 2.5.3"
| #define PACKAGE_BUGREPORT "freetype@nongnu.org"
| #define PACKAGE_URL ""
| /* end confdefs.h.  */
| #include <ac_nonexistent.h>
configure:3465: result: gcc -E
configure:3485: gcc -E  conftest.c
configure:3485: $? = 0
configure:3499: gcc -E  conftest.c
conftest.c:9:10: fatal error: ac_nonexistent.h: No such file or directory
 #include <ac_nonexistent.h>
          ^~~~~~~~~~~~~~~~~~
compilation terminated.
configure:3499: $? = 1
configure: failed program was:
| /* confdefs.h */
| #define PACKAGE_NAME "FreeType"
| #define PACKAGE_TARNAME "freetype"
| #define PACKAGE_VERSION "2.5.3"
| #define PACKAGE_STRING "FreeType 2.5.3"
| #define PACKAGE_BUGREPORT "freetype@nongnu.org"
| #define PACKAGE_URL ""
| /* end confdefs.h.  */
| #include <ac_nonexistent.h>
configure:3583: checking for pkg-config
configure:3616: result: no
configure:3696: checking how to print strings
configure:3723: result: printf
configure:3744: checking for a sed that does not truncate output
configure:3808: result: /usr/bin/sed
configure:3826: checking for grep that handles long lines and -e
configure:3884: result: /usr/bin/grep
configure:3889: checking for egrep
configure:3951: result: /usr/bin/grep -E
configure:3956: checking for fgrep
configure:4018: result: /usr/bin/grep -F
configure:4053: checking for ld used by gcc
configure:4120: result: /usr/x86_64-pc-cygwin/bin/ld.exe
configure:4127: checking if the linker (/usr/x86_64-pc-cygwin/bin/ld.exe) is GNU ld
configure:4142: result: yes
configure:4154: checking for BSD- or MS-compatible name lister (nm)
configure:4203: result: /usr/bin/nm -B
configure:4333: checking the name lister (/usr/bin/nm -B) interface
configure:4340: gcc -c -g -O2  conftest.c >&5
configure:4343: /usr/bin/nm -B "conftest.o"
configure:4346: output
0000000000000000 b .bss
0000000000000000 d .data
0000000000000000 N .debug_abbrev
0000000000000000 N .debug_aranges
0000000000000000 N .debug_info
0000000000000000 N .debug_line
0000000000000000 r .rdata$zzz
0000000000000000 t .text
0000000000000000 B some_variable
configure:4353: result: BSD nm
configure:4356: checking whether ln -s works
configure:4360: result: yes
configure:4368: checking the maximum length of command line arguments
configure:4499: result: 8192
configure:4547: checking how to convert x86_64-unknown-cygwin file names to x86_64-unknown-cygwin format
configure:4587: result: func_convert_file_noop
configure:4594: checking how to convert x86_64-unknown-cygwin file names to toolchain format
configure:4614: result: func_convert_file_noop
configure:4621: checking for /usr/x86_64-pc-cygwin/bin/ld.exe option to reload object files
configure:4628: result: -r
configure:4702: checking for objdump
configure:4718: found /usr/bin/objdump
configure:4729: result: objdump
configure:4758: checking how to recognize dependent libraries
configure:4955: result: file_magic ^x86 archive import|^x86 DLL
configure:5040: checking for dlltool
configure:5056: found /usr/bin/dlltool
configure:5067: result: dlltool
configure:5097: checking how to associate runtime and link libraries
configure:5124: result: func_cygming_dll_for_implib
configure:5185: checking for ar
configure:5201: found /usr/bin/ar
configure:5212: result: ar
configure:5249: checking for archiver @FILE support
configure:5266: gcc -c -g -O2  conftest.c >&5
configure:5266: $? = 0
configure:5269: ar cru libconftest.a @conftest.lst >&5
configure:5272: $? = 0
configure:5277: ar cru libconftest.a @conftest.lst >&5
ar: conftest.o: No such file or directory
configure:5280: $? = 1
configure:5292: result: @
configure:5350: checking for strip
configure:5366: found /usr/bin/strip
configure:5377: result: strip
configure:5449: checking for ranlib
configure:5465: found /usr/bin/ranlib
configure:5476: result: ranlib
configure:5553: checking for gawk
configure:5569: found /usr/bin/gawk
configure:5580: result: gawk
configure:5620: checking command to parse /usr/bin/nm -B output from gcc object
configure:5773: gcc -c -g -O2  conftest.c >&5
configure:5776: $? = 0
configure:5780: /usr/bin/nm -B conftest.o \| sed -n -e 's/^.*[ ]\([ABCDGIRSTW][ABCDGIRSTW]*\)[ ][ ]*\([_A-Za-z][_A-Za-z0-9]*\)$/\1 \2 \2/p' | sed '/ __gnu_lto/d' \> conftest.nm
configure:5783: $? = 0
configure:5849: gcc -o conftest.exe -g -O2   conftest.c conftstm.o >&5
configure:5852: $? = 0
configure:5890: result: ok
configure:5937: checking for sysroot
configure:5967: result: no
configure:6280: checking for mt
configure:6310: result: no
configure:6330: checking if : is a manifest tool
configure:6336: : '-?'
configure:6344: result: no
configure:6982: checking for ANSI C header files
configure:7002: gcc -c -g -O2  conftest.c >&5
configure:7002: $? = 0
configure:7075: gcc -o conftest.exe -g -O2   conftest.c  >&5
configure:7075: $? = 0
configure:7075: ./conftest.exe
configure:7075: $? = 0
configure:7086: result: yes
configure:7099: checking for sys/types.h
configure:7099: gcc -c -g -O2  conftest.c >&5
configure:7099: $? = 0
configure:7099: result: yes
configure:7099: checking for sys/stat.h
configure:7099: gcc -c -g -O2  conftest.c >&5
configure:7099: $? = 0
configure:7099: result: yes
configure:7099: checking for stdlib.h
configure:7099: gcc -c -g -O2  conftest.c >&5
configure:7099: $? = 0
configure:7099: result: yes
configure:7099: checking for string.h
configure:7099: gcc -c -g -O2  conftest.c >&5
configure:7099: $? = 0
configure:7099: result: yes
configure:7099: checking for memory.h
configure:7099: gcc -c -g -O2  conftest.c >&5
configure:7099: $? = 0
configure:7099: result: yes
configure:7099: checking for strings.h
configure:7099: gcc -c -g -O2  conftest.c >&5
configure:7099: $? = 0
configure:7099: result: yes
configure:7099: checking for inttypes.h
configure:7099: gcc -c -g -O2  conftest.c >&5
configure:7099: $? = 0
configure:7099: result: yes
configure:7099: checking for stdint.h
configure:7099: gcc -c -g -O2  conftest.c >&5
configure:7099: $? = 0
configure:7099: result: yes
configure:7099: checking for unistd.h
configure:7099: gcc -c -g -O2  conftest.c >&5
configure:7099: $? = 0
configure:7099: result: yes
configure:7113: checking for dlfcn.h
configure:7113: gcc -c -g -O2  conftest.c >&5
configure:7113: $? = 0
configure:7113: result: yes
configure:7176: checking for as
configure:7192: found /usr/bin/as
configure:7203: result: as
configure:7268: checking for dlltool
configure:7295: result: dlltool
configure:7360: checking for objdump
configure:7387: result: objdump
configure:7615: checking for objdir
configure:7630: result: .libs
configure:7897: checking if gcc supports -fno-rtti -fno-exceptions
configure:7915: gcc -c -g -O2  -fno-rtti -fno-exceptions conftest.c >&5
cc1: warning: command line option '-fno-rtti' is valid for C++/ObjC++ but not for C
configure:7919: $? = 0
configure:7932: result: no
configure:8280: checking for gcc option to produce PIC
configure:8287: result: -DDLL_EXPORT -DPIC
configure:8295: checking if gcc PIC flag -DDLL_EXPORT -DPIC works
configure:8313: gcc -c -g -O2  -DDLL_EXPORT -DPIC -DPIC conftest.c >&5
configure:8317: $? = 0
configure:8330: result: yes
configure:8359: checking if gcc static flag -static works
configure:8387: result: yes
configure:8402: checking if gcc supports -c -o file.o
configure:8423: gcc -c -g -O2  -o out/conftest2.o conftest.c >&5
configure:8427: $? = 0
configure:8449: result: yes
configure:8457: checking if gcc supports -c -o file.o
configure:8504: result: yes
configure:8537: checking whether the gcc linker (/usr/x86_64-pc-cygwin/bin/ld.exe) supports shared libraries
configure:9685: result: yes
configure:9722: checking whether -lc should be explicitly linked in
configure:9730: gcc -c -g -O2  conftest.c >&5
configure:9733: $? = 0
configure:9748: gcc -shared conftest.o  -v -o ./conftest -Wl,--enable-auto-image-base -Xlinker --out-implib -Xlinker conftest 2\>\&1 \| /usr/bin/grep  -lc  \>/dev/null 2\>\&1
configure:9751: $? = 1
configure:9765: result: yes
configure:9925: checking dynamic linker characteristics
configure:10663: result: Win32 ld.exe
configure:10770: checking how to hardcode library paths into programs
configure:10795: result: immediate
configure:11343: checking whether stripping libraries is possible
configure:11348: result: yes
configure:11383: checking if libtool supports shared libraries
configure:11385: result: yes
configure:11388: checking whether to build shared libraries
configure:11409: result: yes
configure:11412: checking whether to build static libraries
configure:11416: result: yes
configure:11617: checking for rmdir
configure:11633: found /usr/bin/rmdir
configure:11644: result: rmdir
configure:11672: checking for a BSD-compatible install
configure:11740: result: /usr/bin/install -c
configure:11762: checking for ANSI C header files
configure:11866: result: yes
configure:11877: checking fcntl.h usability
configure:11877: gcc -c -g -O2  conftest.c >&5
configure:11877: $? = 0
configure:11877: result: yes
configure:11877: checking fcntl.h presence
configure:11877: gcc -E  conftest.c
configure:11877: $? = 0
configure:11877: result: yes
configure:11877: checking for fcntl.h
configure:11877: result: yes
configure:11877: checking for unistd.h
configure:11877: result: yes
configure:11891: checking for an ANSI C-conforming const
configure:11957: gcc -c -g -O2  conftest.c >&5
configure:11957: $? = 0
configure:11964: result: yes
configure:11976: checking size of int
configure:11981: gcc -o conftest.exe -g -O2   conftest.c  >&5
configure:11981: $? = 0
configure:11981: ./conftest.exe
configure:11981: $? = 0
configure:11995: result: 4
configure:12009: checking size of long
configure:12014: gcc -o conftest.exe -g -O2   conftest.c  >&5
configure:12014: $? = 0
configure:12014: ./conftest.exe
configure:12014: $? = 0
configure:12028: result: 8
configure:12042: checking whether cpp computation of bit length in ftconfig.in works
configure:12099: result: yes
configure:12137: checking for stdlib.h
configure:12137: result: yes
configure:12137: checking for unistd.h
configure:12137: result: yes
configure:12137: checking for sys/param.h
configure:12137: gcc -c -g -O2  conftest.c >&5
configure:12137: $? = 0
configure:12137: result: yes
configure:12157: checking for getpagesize
configure:12157: gcc -o conftest.exe -g -O2   conftest.c  >&5
configure:12157: $? = 0
configure:12157: result: yes
configure:12166: checking for working mmap
configure:12313: gcc -o conftest.exe -g -O2   conftest.c  >&5
configure:12313: $? = 0
configure:12313: ./conftest.exe
configure:12313: $? = 0
configure:12323: result: yes
configure:12339: checking whether munmap is declared
configure:12339: gcc -c -g -O2  conftest.c >&5
configure:12339: $? = 0
configure:12339: result: yes
configure:12359: checking for munmap's first parameter type
configure:12373: gcc -c -g -O2  conftest.c >&5
configure:12373: $? = 0
configure:12374: result: void *
configure:12391: checking for memcpy
configure:12391: gcc -o conftest.exe -g -O2   conftest.c  >&5
conftest.c:56:6: warning: conflicting types for built-in function 'memcpy' [-Wbuiltin-declaration-mismatch]
 char memcpy ();
      ^~~~~~
configure:12391: $? = 0
configure:12391: result: yes
configure:12391: checking for memmove
configure:12391: gcc -o conftest.exe -g -O2   conftest.c  >&5
conftest.c:57:6: warning: conflicting types for built-in function 'memmove' [-Wbuiltin-declaration-mismatch]
 char memmove ();
      ^~~~~~~
configure:12391: $? = 0
configure:12391: result: yes
configure:12440: checking gcc compiler flag -pedantic to assure ANSI C works correctly
configure:12467: gcc -c -g -O2  -pedantic  conftest.c >&5
configure:12467: $? = 0
configure:12468: result: ok, add it to XX_ANSIFLAGS
configure:12440: checking gcc compiler flag -ansi to assure ANSI C works correctly
configure:12467: gcc -c -g -O2  -pedantic -ansi  conftest.c >&5
configure:12467: $? = 0
configure:12468: result: ok, add it to XX_ANSIFLAGS
configure:12542: checking for ZLIB
configure:12601: result: no
configure:12627: checking for gzsetparams in -lz
configure:12652: gcc -o conftest.exe -g -O2   conftest.c -lz   >&5
/usr/lib/gcc/x86_64-pc-cygwin/7.3.0/../../../../x86_64-pc-cygwin/bin/ld: cannot find -lz
collect2: error: ld returned 1 exit status
configure:12652: $? = 1
configure: failed program was:
| /* confdefs.h */
| #define PACKAGE_NAME "FreeType"
| #define PACKAGE_TARNAME "freetype"
| #define PACKAGE_VERSION "2.5.3"
| #define PACKAGE_STRING "FreeType 2.5.3"
| #define PACKAGE_BUGREPORT "freetype@nongnu.org"
| #define PACKAGE_URL ""
| #define STDC_HEADERS 1
| #define HAVE_SYS_TYPES_H 1
| #define HAVE_SYS_STAT_H 1
| #define HAVE_STDLIB_H 1
| #define HAVE_STRING_H 1
| #define HAVE_MEMORY_H 1
| #define HAVE_STRINGS_H 1
| #define HAVE_INTTYPES_H 1
| #define HAVE_STDINT_H 1
| #define HAVE_UNISTD_H 1
| #define HAVE_DLFCN_H 1
| #define LT_OBJDIR ".libs/"
| #define STDC_HEADERS 1
| #define HAVE_FCNTL_H 1
| #define HAVE_UNISTD_H 1
| #define SIZEOF_INT 4
| #define SIZEOF_LONG 8
| #define HAVE_STDLIB_H 1
| #define HAVE_UNISTD_H 1
| #define HAVE_SYS_PARAM_H 1
| #define HAVE_GETPAGESIZE 1
| #define HAVE_MMAP 1
| #define HAVE_DECL_MUNMAP 1
| #define MUNMAP_USES_VOIDP /**/
| #define HAVE_MEMCPY 1
| #define HAVE_MEMMOVE 1
| /* end confdefs.h.  */
| 
| /* Override any GCC internal prototype to avoid an error.
|    Use char because int might match the return type of a GCC
|    builtin and then its argument prototype would still apply.  */
| #ifdef __cplusplus
| extern "C"
| #endif
| char gzsetparams ();
| int
| main ()
| {
| return gzsetparams ();
|   ;
|   return 0;
| }
configure:12661: result: no
configure:12712: checking for BZIP2
configure:12771: result: no
configure:12797: checking for BZ2_bzDecompress in -lbz2
configure:12822: gcc -o conftest.exe -g -O2   conftest.c -lbz2   >&5
/usr/lib/gcc/x86_64-pc-cygwin/7.3.0/../../../../x86_64-pc-cygwin/bin/ld: cannot find -lbz2
collect2: error: ld returned 1 exit status
configure:12822: $? = 1
configure: failed program was:
| /* confdefs.h */
| #define PACKAGE_NAME "FreeType"
| #define PACKAGE_TARNAME "freetype"
| #define PACKAGE_VERSION "2.5.3"
| #define PACKAGE_STRING "FreeType 2.5.3"
| #define PACKAGE_BUGREPORT "freetype@nongnu.org"
| #define PACKAGE_URL ""
| #define STDC_HEADERS 1
| #define HAVE_SYS_TYPES_H 1
| #define HAVE_SYS_STAT_H 1
| #define HAVE_STDLIB_H 1
| #define HAVE_STRING_H 1
| #define HAVE_MEMORY_H 1
| #define HAVE_STRINGS_H 1
| #define HAVE_INTTYPES_H 1
| #define HAVE_STDINT_H 1
| #define HAVE_UNISTD_H 1
| #define HAVE_DLFCN_H 1
| #define LT_OBJDIR ".libs/"
| #define STDC_HEADERS 1
| #define HAVE_FCNTL_H 1
| #define HAVE_UNISTD_H 1
| #define SIZEOF_INT 4
| #define SIZEOF_LONG 8
| #define HAVE_STDLIB_H 1
| #define HAVE_UNISTD_H 1
| #define HAVE_SYS_PARAM_H 1
| #define HAVE_GETPAGESIZE 1
| #define HAVE_MMAP 1
| #define HAVE_DECL_MUNMAP 1
| #define MUNMAP_USES_VOIDP /**/
| #define HAVE_MEMCPY 1
| #define HAVE_MEMMOVE 1
| /* end confdefs.h.  */
| 
| /* Override any GCC internal prototype to avoid an error.
|    Use char because int might match the return type of a GCC
|    builtin and then its argument prototype would still apply.  */
| #ifdef __cplusplus
| extern "C"
| #endif
| char BZ2_bzDecompress ();
| int
| main ()
| {
| return BZ2_bzDecompress ();
|   ;
|   return 0;
| }
configure:12831: result: no
configure:12882: checking for LIBPNG
configure:12941: result: no
configure:12967: checking for libpng-config
configure:12978: result: no
configure:13018: checking for HARFBUZZ
configure:13077: result: no
configure:13916: creating ./config.status

## ---------------------- ##
## Running config.status. ##
## ---------------------- ##

This file was extended by FreeType config.status 2.5.3, which was
generated by GNU Autoconf 2.69.  Invocation command line was

  CONFIG_FILES    = 
  CONFIG_HEADERS  = 
  CONFIG_LINKS    = 
  CONFIG_COMMANDS = 
  $ ./config.status 

on rfmeas-ой

config.status:1097: creating unix-cc.mk
config.status:1097: creating unix-def.mk
config.status:1097: creating ftconfig.h
config.status:1286: executing libtool commands
configure:15864:

Library configuration:
  external zlib: no
  bzip2:         no
  libpng:        no
  harfbuzz:      no


## ---------------- ##
## Cache variables. ##
## ---------------- ##

ac_cv_build=x86_64-unknown-cygwin
ac_cv_c_compiler_gnu=yes
ac_cv_c_const=yes
ac_cv_env_BZIP2_CFLAGS_set=
ac_cv_env_BZIP2_CFLAGS_value=
ac_cv_env_BZIP2_LIBS_set=
ac_cv_env_BZIP2_LIBS_value=
ac_cv_env_CC_set=
ac_cv_env_CC_value=
ac_cv_env_CFLAGS_set=
ac_cv_env_CFLAGS_value=
ac_cv_env_CPPFLAGS_set=
ac_cv_env_CPPFLAGS_value=
ac_cv_env_CPP_set=
ac_cv_env_CPP_value=
ac_cv_env_HARFBUZZ_CFLAGS_set=
ac_cv_env_HARFBUZZ_CFLAGS_value=
ac_cv_env_HARFBUZZ_LIBS_set=
ac_cv_env_HARFBUZZ_LIBS_value=
ac_cv_env_LDFLAGS_set=
ac_cv_env_LDFLAGS_value=
ac_cv_env_LIBPNG_CFLAGS_set=
ac_cv_env_LIBPNG_CFLAGS_value=
ac_cv_env_LIBPNG_LIBS_set=
ac_cv_env_LIBPNG_LIBS_value=
ac_cv_env_LIBS_set=
ac_cv_env_LIBS_value=
ac_cv_env_PKG_CONFIG_LIBDIR_set=
ac_cv_env_PKG_CONFIG_LIBDIR_value=
ac_cv_env_PKG_CONFIG_PATH_set=
ac_cv_env_PKG_CONFIG_PATH_value=
ac_cv_env_PKG_CONFIG_set=
ac_cv_env_PKG_CONFIG_value=
ac_cv_env_ZLIB_CFLAGS_set=
ac_cv_env_ZLIB_CFLAGS_value=
ac_cv_env_ZLIB_LIBS_set=
ac_cv_env_ZLIB_LIBS_value=
ac_cv_env_build_alias_set=
ac_cv_env_build_alias_value=
ac_cv_env_host_alias_set=
ac_cv_env_host_alias_value=
ac_cv_env_target_alias_set=
ac_cv_env_target_alias_value=
ac_cv_exeext=.exe
ac_cv_func_getpagesize=yes
ac_cv_func_memcpy=yes
ac_cv_func_memmove=yes
ac_cv_func_mmap_fixed_mapped=yes
ac_cv_have_decl_munmap=yes
ac_cv_header_dlfcn_h=yes
ac_cv_header_fcntl_h=yes
ac_cv_header_inttypes_h=yes
ac_cv_header_memory_h=yes
ac_cv_header_stdc=yes
ac_cv_header_stdint_h=yes
ac_cv_header_stdlib_h=yes
ac_cv_header_string_h=yes
ac_cv_header_strings_h=yes
ac_cv_header_sys_param_h=yes
ac_cv_header_sys_stat_h=yes
ac_cv_header_sys_types_h=yes
ac_cv_header_unistd_h=yes
ac_cv_host=x86_64-unknown-cygwin
ac_cv_lib_bz2_BZ2_bzDecompress=no
ac_cv_lib_z_gzsetparams=no
ac_cv_objext=o
ac_cv_path_EGREP='/usr/bin/grep -E'
ac_cv_path_FGREP='/usr/bin/grep -F'
ac_cv_path_GREP=/usr/bin/grep
ac_cv_path_SED=/usr/bin/sed
ac_cv_path_install='/usr/bin/install -c'
ac_cv_prog_AWK=gawk
ac_cv_prog_CPP='gcc -E'
ac_cv_prog_RMDIR=rmdir
ac_cv_prog_ac_ct_AR=ar
ac_cv_prog_ac_ct_AS=as
ac_cv_prog_ac_ct_CC=gcc
ac_cv_prog_ac_ct_DLLTOOL=dlltool
ac_cv_prog_ac_ct_OBJDUMP=objdump
ac_cv_prog_ac_ct_RANLIB=ranlib
ac_cv_prog_ac_ct_STRIP=strip
ac_cv_prog_cc_c89=
ac_cv_prog_cc_g=yes
ac_cv_sizeof_int=4
ac_cv_sizeof_long=8
lt_cv_ar_at_file=@
lt_cv_archive_cmds_need_lc=yes
lt_cv_deplibs_check_method='file_magic ^x86 archive import|^x86 DLL'
lt_cv_file_magic_cmd=func_win32_libid
lt_cv_file_magic_test_file=
lt_cv_ld_reload_flag=-r
lt_cv_nm_interface='BSD nm'
lt_cv_objdir=.libs
lt_cv_path_LD=/usr/x86_64-pc-cygwin/bin/ld.exe
lt_cv_path_NM='/usr/bin/nm -B'
lt_cv_path_mainfest_tool=no
lt_cv_prog_compiler_c_o=yes
lt_cv_prog_compiler_pic='-DDLL_EXPORT -DPIC'
lt_cv_prog_compiler_pic_works=yes
lt_cv_prog_compiler_rtti_exceptions=no
lt_cv_prog_compiler_static_works=yes
lt_cv_prog_gnu_ld=yes
lt_cv_sharedlib_from_linklib_cmd=func_cygming_dll_for_implib
lt_cv_sys_global_symbol_pipe='sed -n -e '\''s/^.*[	 ]\([ABCDGIRSTW][ABCDGIRSTW]*\)[	 ][	 ]*\([_A-Za-z][_A-Za-z0-9]*\)$/\1 \2 \2/p'\'' | sed '\''/ __gnu_lto/d'\'''
lt_cv_sys_global_symbol_to_c_name_address='sed -n -e '\''s/^: \(.*\) .*$/  {"\1", (void *) 0},/p'\'' -e '\''s/^[ABCDGIRSTW][ABCDGIRSTW]* .* \(.*\)$/  {"\1", (void *) \&\1},/p'\'''
lt_cv_sys_global_symbol_to_c_name_address_lib_prefix='sed -n -e '\''s/^: \(.*\) .*$/  {"\1", (void *) 0},/p'\'' -e '\''s/^[ABCDGIRSTW][ABCDGIRSTW]* .* \(lib.*\)$/  {"\1", (void *) \&\1},/p'\'' -e '\''s/^[ABCDGIRSTW][ABCDGIRSTW]* .* \(.*\)$/  {"lib\1", (void *) \&\1},/p'\'''
lt_cv_sys_global_symbol_to_cdecl='sed -n -e '\''s/^T .* \(.*\)$/extern int \1();/p'\'' -e '\''s/^[ABCDGIRSTW][ABCDGIRSTW]* .* \(.*\)$/extern char \1;/p'\'''
lt_cv_sys_global_symbol_to_import=
lt_cv_sys_max_cmd_len=8192
lt_cv_to_host_file_cmd=func_convert_file_noop
lt_cv_to_tool_file_cmd=func_convert_file_noop

## ----------------- ##
## Output variables. ##
## ----------------- ##

AR='ar'
AS='as'
AWK='gawk'
BZIP2_CFLAGS=''
BZIP2_LIBS=''
CC='gcc'
CC_BUILD='gcc'
CFLAGS='-g -O2'
CPP='gcc -E'
CPPFLAGS=''
DEFS='-DHAVE_CONFIG_H'
DLLTOOL='dlltool'
DSYMUTIL=''
DUMPBIN=''
ECHO_C=''
ECHO_N='-n'
ECHO_T=''
EGREP='/usr/bin/grep -E'
EXEEXT='.exe'
EXEEXT_BUILD='.exe'
FGREP='/usr/bin/grep -F'
FTSYS_SRC='$(BUILD_DIR)/ftsystem.c'
GREP='/usr/bin/grep'
HARFBUZZ_CFLAGS=''
HARFBUZZ_LIBS=''
INSTALL_DATA='${INSTALL} -m 644'
INSTALL_PROGRAM='${INSTALL}'
INSTALL_SCRIPT='${INSTALL}'
LD='/usr/x86_64-pc-cygwin/bin/ld.exe'
LDFLAGS=''
LIBOBJS=''
LIBPNG_CFLAGS=''
LIBPNG_LIBS=''
LIBS=''
LIBSSTATIC_CONFIG='-lfreetype'
LIBS_CONFIG='-lfreetype'
LIBS_PRIVATE=''
LIBTOOL='$(SHELL) $(top_builddir)/libtool'
LIPO=''
LN_S='ln -s'
LTLIBOBJS=''
MANIFEST_TOOL=':'
NM='/usr/bin/nm -B'
NMEDIT=''
OBJDUMP='objdump'
OBJEXT='o'
OTOOL64=''
OTOOL=''
PACKAGE_BUGREPORT='freetype@nongnu.org'
PACKAGE_NAME='FreeType'
PACKAGE_STRING='FreeType 2.5.3'
PACKAGE_TARNAME='freetype'
PACKAGE_URL=''
PACKAGE_VERSION='2.5.3'
PATH_SEPARATOR=':'
PKG_CONFIG=''
PKG_CONFIG_LIBDIR=''
PKG_CONFIG_PATH=''
RANLIB='ranlib'
REQUIRES_PRIVATE=''
RMDIR='rmdir'
SED='/usr/bin/sed'
SHELL='/bin/sh'
STRIP='strip'
XX_ANSIFLAGS=' -pedantic -ansi'
XX_CFLAGS='-Wall'
ZLIB_CFLAGS=''
ZLIB_LIBS=''
ac_ct_AR='ar'
ac_ct_CC='gcc'
ac_ct_DUMPBIN=''
bindir='${exec_prefix}/bin'
build='x86_64-unknown-cygwin'
build_alias=''
build_cpu='x86_64'
build_libtool_libs=''
build_os='cygwin'
build_vendor='unknown'
datadir='${datarootdir}'
datarootdir='${prefix}/share'
docdir='${datarootdir}/doc/${PACKAGE_TARNAME}'
dvidir='${docdir}'
exec_prefix='${prefix}'
ft_version='17.2.11'
ftmac_c=''
hardcode_libdir_flag_spec='-L$libdir'
host='x86_64-unknown-cygwin'
host_alias=''
host_cpu='x86_64'
host_os='cygwin'
host_vendor='unknown'
htmldir='${docdir}'
includedir='${prefix}/include'
infodir='${datarootdir}/info'
libdir='${exec_prefix}/lib'
libexecdir='${exec_prefix}/libexec'
localedir='${datarootdir}/locale'
localstatedir='${prefix}/var'
mandir='${datarootdir}/man'
oldincludedir='/usr/include'
pdfdir='${docdir}'
prefix='/usr/local'
program_transform_name='s,x,x,'
psdir='${docdir}'
sbindir='${exec_prefix}/sbin'
sharedstatedir='${prefix}/com'
sysconfdir='${prefix}/etc'
target_alias=''
version_info='17:2:11'
wl='-Wl,'

## ----------- ##
## confdefs.h. ##
## ----------- ##

/* confdefs.h */
#define PACKAGE_NAME "FreeType"
#define PACKAGE_TARNAME "freetype"
#define PACKAGE_VERSION "2.5.3"
#define PACKAGE_STRING "FreeType 2.5.3"
#define PACKAGE_BUGREPORT "freetype@nongnu.org"
#define PACKAGE_URL ""
#define STDC_HEADERS 1
#define HAVE_SYS_TYPES_H 1
#define HAVE_SYS_STAT_H 1
#define HAVE_STDLIB_H 1
#define HAVE_STRING_H 1
#define HAVE_MEMORY_H 1
#define HAVE_STRINGS_H 1
#define HAVE_INTTYPES_H 1
#define HAVE_STDINT_H 1
#define HAVE_UNISTD_H 1
#define HAVE_DLFCN_H 1
#define LT_OBJDIR ".libs/"
#define STDC_HEADERS 1
#define HAVE_FCNTL_H 1
#define HAVE_UNISTD_H 1
#define SIZEOF_INT 4
#define SIZEOF_LONG 8
#define HAVE_STDLIB_H 1
#define HAVE_UNISTD_H 1
#define HAVE_SYS_PARAM_H 1
#define HAVE_GETPAGESIZE 1
#define HAVE_MMAP 1
#define HAVE_DECL_MUNMAP 1
#define MUNMAP_USES_VOIDP /**/
#define HAVE_MEMCPY 1
#define HAVE_MEMMOVE 1

configure: exit 0
